Arguments: 
  /Users/cassidy.bridges1/.nvm/versions/node/v6.9.0/bin/node /Users/cassidy.bridges1/.nvm/versions/node/v6.9.0/bin/yarn

PATH: 
  /Users/cassidy.bridges1/.pyenv/bin:/Users/cassidy.bridges1/.nvm/versions/node/v6.9.0/bin:/Users/cassidy.bridges1/.pyenv/shims:/Users/cassidy.bridges1/.pyenv/bin:/Users/upguarduser/.rvm/gems/ruby-2.3.0/bin:/Users/upguarduser/.rvm/gems/ruby-2.3.0@global/bin:/Users/upguarduser/.rvm/rubies/ruby-2.3.0/bin:/usr/local/bin:/usr/bin:/bin:/usr/sbin:/sbin:/usr/local/go/bin:/Users/cassidy.bridges/.rvm/bin

Yarn version: 
  0.27.5

Node version: 
  6.9.0

Platform: 
  darwin x64

npm manifest: 
  {
    "name": "Whiteboard",
    "version": "0.1.0",
    "private": true,
    "devDependencies": {
      "autoprefixer": "6.7.2",
      "babel-cli": "^6.24.0",
      "babel-core": "6.22.1",
      "babel-eslint": "7.1.1",
      "babel-jest": "18.0.0",
      "babel-loader": "6.2.10",
      "babel-plugin-syntax-decorators": "^6.13.0",
      "babel-plugin-transform-decorators": "^6.22.0",
      "babel-plugin-transform-decorators-legacy": "^1.3.4",
      "babel-preset-es2015": "^6.24.0",
      "babel-preset-react-app": "^2.2.0",
      "babel-runtime": "^6.20.0",
      "case-sensitive-paths-webpack-plugin": "1.1.4",
      "chalk": "1.1.3",
      "connect-history-api-fallback": "1.3.0",
      "cross-spawn": "4.0.2",
      "css-loader": "0.26.1",
      "detect-port": "1.1.0",
      "dotenv": "2.0.0",
      "eslint": "3.16.1",
      "eslint-config-react-app": "^0.6.2",
      "eslint-loader": "1.6.0",
      "eslint-plugin-flowtype": "2.21.0",
      "eslint-plugin-import": "2.0.1",
      "eslint-plugin-jsx-a11y": "4.0.0",
      "eslint-plugin-react": "6.4.1",
      "extract-text-webpack-plugin": "1.0.1",
      "file-loader": "0.10.0",
      "fs-extra": "0.30.0",
      "html-webpack-plugin": "2.24.0",
      "http-proxy-middleware": "0.17.3",
      "jest": "^20.0.4",
      "json-loader": "0.5.4",
      "object-assign": "4.1.1",
      "postcss-loader": "1.2.2",
      "promise": "7.1.1",
      "react-dev-utils": "^0.5.2",
      "style-loader": "0.13.1",
      "url-loader": "0.5.7",
      "webpack": "1.14.0",
      "webpack-dev-server": "1.16.2",
      "webpack-manifest-plugin": "1.1.0",
      "whatwg-fetch": "2.0.2"
    },
    "dependencies": {
      "babel-autobind": "^0.3.4",
      "enzyme": "^2.9.1",
      "install": "^0.8.8",
      "js-md5": "^0.4.2",
      "mobx": "^3.1.8",
      "npm": "^4.4.4",
      "raf": "^3.3.2",
      "react": "16.0.0-alpha.13",
    },
    "scripts": {
      "start": "node scripts/start.js",
      "build": "node scripts/build.js",
      "test": "node scripts/test.js --env=jsdom"
    },
    "jest": {
      "collectCoverageFrom": [
        "src/**/*.{js,jsx}"
      ],
      "setupFiles": [
        "<rootDir>/config/polyfills.js"
      ],
      "testPathIgnorePatterns": [
        "<rootDir>[/\\\\](build|docs|node_modules|scripts)[/\\\\]"
      ],
      "testEnvironment": "node",
      "testURL": "http://localhost",
      "transform": {
        "^.+\\.(js|jsx)$": "<rootDir>/node_modules/babel-jest",
        "^.+\\.css$": "<rootDir>/config/jest/cssTransform.js",
        "^(?!.*\\.(js|jsx|css|json)$)": "<rootDir>/config/jest/fileTransform.js"
      },
      "transformIgnorePatterns": [
        "[/\\\\]node_modules[/\\\\].+\\.(js|jsx)$"
      ],
      "moduleNameMapper": {
        "^react-native$": "react-native-web"
      }
    },
    "babel": {
      "presets": [
        "react-app"
      ]
    },
    "eslintConfig": {
      "extends": "react-app"
    }
  }

yarn manifest: 
  No manifest

Lockfile: 
  No lockfile

Trace: 
  SyntaxError: /Users/cassidy.bridges1/Programming/Whiteboard/package.json: Unexpected token } in JSON at position 1762
      at Object.parse (native)
      at /Users/cassidy.bridges1/.nvm/versions/node/v6.9.0/lib/node_modules/yarn/lib/util/fs.js:554:57
      at next (native)
      at step (/Users/cassidy.bridges1/.nvm/versions/node/v6.9.0/lib/node_modules/yarn/node_modules/babel-runtime/helpers/asyncToGenerator.js:17:30)
      at /Users/cassidy.bridges1/.nvm/versions/node/v6.9.0/lib/node_modules/yarn/node_modules/babel-runtime/helpers/asyncToGenerator.js:28:13
